2021-10-08 22:26:25,492 - instabot version: 0.117.0 (bot) - INFO - Instabot version: 0.117.0 Started
2021-10-08 22:26:25,492 - instabot version: 0.117.0 (bot) - DEBUG - Bot imported from /mnt/build2/butti/.local/lib/python3.9/site-packages/instabot/bot/bot.py
2021-10-08 22:26:25,493 - instabot version: 0.117.0 (api_login) - INFO - Not yet logged in starting: PRE-LOGIN FLOW!
2021-10-08 22:26:26,030 - instabot version: 0.117.0 (api) - DEBUG - POST to endpoint: accounts/get_prefill_candidates/ returned response: <Response [200]>
2021-10-08 22:26:26,468 - instabot version: 0.117.0 (api) - DEBUG - POST to endpoint: qe/sync/ returned response: <Response [200]>
2021-10-08 22:26:26,884 - instabot version: 0.117.0 (api) - DEBUG - POST to endpoint: launcher/sync/ returned response: <Response [200]>
2021-10-08 22:26:27,283 - instabot version: 0.117.0 (api) - DEBUG - POST to endpoint: accounts/contact_point_prefill/ returned response: <Response [200]>
2021-10-08 22:26:29,571 - instabot version: 0.117.0 (api) - DEBUG - POST to endpoint: accounts/login/ returned response: <Response [200]>
2021-10-08 22:26:29,571 - instabot version: 0.117.0 (api) - INFO - Logged-in successfully as 'theautoquote'!
2021-10-08 22:26:29,572 - instabot version: 0.117.0 (api_login) - INFO - LOGIN FLOW! Just logged-in: True
2021-10-08 22:26:30,061 - instabot version: 0.117.0 (api) - DEBUG - POST to endpoint: qe/sync/ returned response: <Response [200]>
2021-10-08 22:26:30,626 - instabot version: 0.117.0 (api) - DEBUG - POST to endpoint: launcher/sync/ returned response: <Response [200]>
2021-10-08 22:26:31,021 - instabot version: 0.117.0 (api) - DEBUG - GET to endpoint: zr/token/result/?device_id=android-3da4655cdbf733d8&token_hash=&custom_device_id=android-3da4655cdbf733d8&fetch_reason=token_expired returned response: <Response [200]>
2021-10-08 22:26:31,420 - instabot version: 0.117.0 (api) - DEBUG - GET to endpoint: multiple_accounts/get_account_family/ returned response: <Response [200]>
2021-10-08 22:26:31,839 - instabot version: 0.117.0 (api) - DEBUG - POST to endpoint: qe/sync/ returned response: <Response [200]>
2021-10-08 22:26:32,665 - instabot version: 0.117.0 (api) - DEBUG - GET to endpoint: igtv/browse_feed/?prefetch=1 returned response: <Response [200]>
2021-10-08 22:26:33,059 - instabot version: 0.117.0 (api) - DEBUG - POST to endpoint: creatives/ar_class/ returned response: <Response [200]>
2021-10-08 22:26:33,635 - instabot version: 0.117.0 (api) - DEBUG - POST to endpoint: feed/reels_tray/ returned response: <Response [200]>
2021-10-08 22:26:35,365 - instabot version: 0.117.0 (api) - DEBUG - POST to endpoint: feed/timeline/ returned response: <Response [200]>
2021-10-08 22:26:35,820 - instabot version: 0.117.0 (api) - DEBUG - GET to endpoint: media/blocked/ returned response: <Response [200]>
2021-10-08 22:26:37,292 - instabot version: 0.117.0 (api) - DEBUG - GET to endpoint: news/inbox/ returned response: <Response [200]>
2021-10-08 22:26:37,723 - instabot version: 0.117.0 (api) - DEBUG - GET to endpoint: loom/fetch_config/ returned response: <Response [200]>
2021-10-08 22:26:38,186 - instabot version: 0.117.0 (api) - DEBUG - GET to endpoint: scores/bootstrap/users/?surfaces=["autocomplete_user_list","coefficient_besties_list_ranking","coefficient_rank_recipient_user_suggestion","coefficient_ios_section_test_bootstrap_ranking","coefficient_direct_recipients_ranking_variant_2"] returned response: <Response [200]>
2021-10-08 22:26:40,390 - instabot version: 0.117.0 (api) - DEBUG - GET to endpoint: business/eligibility/get_monetization_products_eligibility_data/?product_types=branded_content returned response: <Response [200]>
2021-10-08 22:26:40,790 - instabot version: 0.117.0 (api) - DEBUG - GET to endpoint: business/branded_content/should_require_professional_account/ returned response: <Response [200]>
2021-10-08 22:26:41,194 - instabot version: 0.117.0 (api) - DEBUG - GET to endpoint: linked_accounts/get_linkage_status/ returned response: <Response [200]>
2021-10-08 22:26:41,673 - instabot version: 0.117.0 (api) - DEBUG - GET to endpoint: locations/request_country/ returned response: <Response [200]>
2021-10-08 22:26:42,080 - instabot version: 0.117.0 (api) - DEBUG - GET to endpoint: qp/get_cooldowns/?signed_body=signed_body=4b9c516a5410a3bc128e09c6104a7f042146b9c2023870560c63a43a7f66781c.4&ig_sig_key_version=4&ig_sig_key_version=4 returned response: <Response [200]>
2021-10-08 22:26:42,475 - instabot version: 0.117.0 (api) - DEBUG - GET to endpoint: users/arlink_download_info/?version_override=2.2.1 returned response: <Response [200]>
2021-10-08 22:26:43,643 - instabot version: 0.117.0 (api) - DEBUG - GET to endpoint: users/48034880608/info/ returned response: <Response [200]>
2021-10-08 22:26:44,464 - instabot version: 0.117.0 (api) - DEBUG - GET to endpoint: direct_v2/get_presence/ returned response: <Response [200]>
2021-10-08 22:26:45,191 - instabot version: 0.117.0 (api) - DEBUG - GET to endpoint: direct_v2/inbox/?visual_message_return_type=unseen&thread_message_limit=10&persistentBadging=true&limit=20 returned response: <Response [200]>
2021-10-08 22:26:45,713 - instabot version: 0.117.0 (api) - DEBUG - GET to endpoint: direct_v2/inbox/?visual_message_return_type=unseen&persistentBadging=true&limit=0 returned response: <Response [200]>
2021-10-08 22:26:47,503 - instabot version: 0.117.0 (api) - DEBUG - GET to endpoint: discover/topical_explore/?is_prefetch=true&omit_cover_media=true&use_sectional_payload=true&timezone_offset=0&session_id=2a0d1163-58eb-42b0-ad9d-63a309892274&include_fixed_destinations=true returned response: <Response [200]>
2021-10-08 22:26:48,316 - instabot version: 0.117.0 (api) - DEBUG - POST to endpoint: notifications/badge/ returned response: <Response [200]>
2021-10-08 22:26:51,357 - instabot version: 0.117.0 (api) - DEBUG - POST to endpoint: qp/batch_fetch/ returned response: <Response [200]>
2021-10-08 22:26:51,358 - instabot version: 0.117.0 (bot_checkpoint) - DEBUG - Loading Checkpoint file from: /mnt/build2/butti/test/quote/config/theautoquote.checkpoint
2021-10-08 22:27:12,363 - instabot version: 0.117.0 (api) - DEBUG - POST to endpoint: media/configure/? returned response: <Response [200]>
2021-10-08 22:27:12,817 - instabot version: 0.117.0 (api) - DEBUG - POST to endpoint: qe/expose/ returned response: <Response [200]>
2021-10-08 22:27:12,817 - instabot version: 0.117.0 (bot_photo) - INFO - Photo '/mnt/build2/butti/test/quote/quote.jpeg' is uploaded.
2021-10-08 22:27:12,818 - instabot version: 0.117.0 (bot_checkpoint) - DEBUG - Saving Checkpoint file to: /mnt/build2/butti/test/quote/config/theautoquote.checkpoint
2021-10-08 22:27:12,841 - instabot version: 0.117.0 (bot) - INFO - Total requests: 51
