2021-05-23 21:12:51,267 - instabot version: 0.117.0 (bot) - INFO - Instabot version: 0.117.0 Started
2021-05-23 21:12:51,268 - instabot version: 0.117.0 (bot) - DEBUG - Bot imported from /mnt/build2/butti/.local/lib/python3.9/site-packages/instabot/bot/bot.py
2021-05-23 21:12:51,268 - instabot version: 0.117.0 (api_login) - INFO - Not yet logged in starting: PRE-LOGIN FLOW!
2021-05-23 21:12:52,567 - instabot version: 0.117.0 (api) - DEBUG - POST to endpoint: accounts/get_prefill_candidates/ returned response: <Response [200]>
2021-05-23 21:12:53,726 - instabot version: 0.117.0 (api) - DEBUG - POST to endpoint: qe/sync/ returned response: <Response [200]>
2021-05-23 21:12:54,442 - instabot version: 0.117.0 (api) - DEBUG - POST to endpoint: launcher/sync/ returned response: <Response [200]>
2021-05-23 21:12:55,112 - instabot version: 0.117.0 (api) - DEBUG - POST to endpoint: accounts/contact_point_prefill/ returned response: <Response [200]>
2021-05-23 21:12:57,490 - instabot version: 0.117.0 (api) - DEBUG - POST to endpoint: accounts/login/ returned response: <Response [200]>
2021-05-23 21:12:57,490 - instabot version: 0.117.0 (api) - INFO - Logged-in successfully as 'theautoquote'!
2021-05-23 21:12:57,490 - instabot version: 0.117.0 (api_login) - INFO - LOGIN FLOW! Just logged-in: True
2021-05-23 21:12:58,165 - instabot version: 0.117.0 (api) - DEBUG - POST to endpoint: qe/sync/ returned response: <Response [200]>
2021-05-23 21:12:59,264 - instabot version: 0.117.0 (api) - DEBUG - POST to endpoint: launcher/sync/ returned response: <Response [200]>
2021-05-23 21:12:59,894 - instabot version: 0.117.0 (api) - DEBUG - GET to endpoint: zr/token/result/?device_id=android-3da4655cdbf733d8&token_hash=&custom_device_id=android-3da4655cdbf733d8&fetch_reason=token_expired returned response: <Response [200]>
2021-05-23 21:13:00,657 - instabot version: 0.117.0 (api) - DEBUG - GET to endpoint: multiple_accounts/get_account_family/ returned response: <Response [200]>
2021-05-23 21:13:02,331 - instabot version: 0.117.0 (api) - DEBUG - POST to endpoint: qe/sync/ returned response: <Response [200]>
2021-05-23 21:13:04,509 - instabot version: 0.117.0 (api) - DEBUG - GET to endpoint: igtv/browse_feed/?prefetch=1 returned response: <Response [200]>
2021-05-23 21:13:05,144 - instabot version: 0.117.0 (api) - DEBUG - POST to endpoint: creatives/ar_class/ returned response: <Response [200]>
2021-05-23 21:13:06,084 - instabot version: 0.117.0 (api) - DEBUG - POST to endpoint: feed/reels_tray/ returned response: <Response [200]>
2021-05-23 21:13:08,441 - instabot version: 0.117.0 (api) - DEBUG - POST to endpoint: feed/timeline/ returned response: <Response [200]>
2021-05-23 21:13:09,102 - instabot version: 0.117.0 (api) - DEBUG - GET to endpoint: media/blocked/ returned response: <Response [200]>
2021-05-23 21:13:10,116 - instabot version: 0.117.0 (api) - DEBUG - GET to endpoint: news/inbox/ returned response: <Response [200]>
2021-05-23 21:13:11,149 - instabot version: 0.117.0 (api) - DEBUG - GET to endpoint: loom/fetch_config/ returned response: <Response [200]>
2021-05-23 21:13:11,995 - instabot version: 0.117.0 (api) - DEBUG - GET to endpoint: scores/bootstrap/users/?surfaces=["autocomplete_user_list","coefficient_besties_list_ranking","coefficient_rank_recipient_user_suggestion","coefficient_ios_section_test_bootstrap_ranking","coefficient_direct_recipients_ranking_variant_2"] returned response: <Response [200]>
2021-05-23 21:13:12,670 - instabot version: 0.117.0 (api) - DEBUG - GET to endpoint: business/eligibility/get_monetization_products_eligibility_data/?product_types=branded_content returned response: <Response [200]>
2021-05-23 21:13:14,385 - instabot version: 0.117.0 (api) - DEBUG - GET to endpoint: business/branded_content/should_require_professional_account/ returned response: <Response [200]>
2021-05-23 21:13:15,008 - instabot version: 0.117.0 (api) - DEBUG - GET to endpoint: linked_accounts/get_linkage_status/ returned response: <Response [200]>
2021-05-23 21:13:15,649 - instabot version: 0.117.0 (api) - DEBUG - GET to endpoint: locations/request_country/ returned response: <Response [200]>
2021-05-23 21:13:16,859 - instabot version: 0.117.0 (api) - DEBUG - GET to endpoint: qp/get_cooldowns/?signed_body=signed_body=4b9c516a5410a3bc128e09c6104a7f042146b9c2023870560c63a43a7f66781c.4&ig_sig_key_version=4&ig_sig_key_version=4 returned response: <Response [200]>
2021-05-23 21:13:17,510 - instabot version: 0.117.0 (api) - DEBUG - GET to endpoint: users/arlink_download_info/?version_override=2.2.1 returned response: <Response [200]>
2021-05-23 21:13:18,262 - instabot version: 0.117.0 (api) - DEBUG - GET to endpoint: users/48034880608/info/ returned response: <Response [200]>
2021-05-23 21:13:19,258 - instabot version: 0.117.0 (api) - DEBUG - GET to endpoint: direct_v2/get_presence/ returned response: <Response [200]>
2021-05-23 21:13:20,031 - instabot version: 0.117.0 (api) - DEBUG - GET to endpoint: direct_v2/inbox/?visual_message_return_type=unseen&thread_message_limit=10&persistentBadging=true&limit=20 returned response: <Response [200]>
2021-05-23 21:13:20,712 - instabot version: 0.117.0 (api) - DEBUG - GET to endpoint: direct_v2/inbox/?visual_message_return_type=unseen&persistentBadging=true&limit=0 returned response: <Response [200]>
2021-05-23 21:13:22,889 - instabot version: 0.117.0 (api) - DEBUG - GET to endpoint: discover/topical_explore/?is_prefetch=true&omit_cover_media=true&use_sectional_payload=true&timezone_offset=0&session_id=d62aa56c-bc71-4d62-9be5-a9bce385b05f&include_fixed_destinations=true returned response: <Response [200]>
2021-05-23 21:13:23,504 - instabot version: 0.117.0 (api) - DEBUG - POST to endpoint: notifications/badge/ returned response: <Response [200]>
2021-05-23 21:13:26,376 - instabot version: 0.117.0 (api) - DEBUG - POST to endpoint: qp/batch_fetch/ returned response: <Response [200]>
2021-05-23 21:13:26,377 - instabot version: 0.117.0 (bot_checkpoint) - DEBUG - Loading Checkpoint file from: /mnt/build2/butti/test/quote/config/theautoquote.checkpoint
2021-05-23 21:13:51,040 - instabot version: 0.117.0 (api) - DEBUG - POST to endpoint: media/configure/? returned response: <Response [200]>
2021-05-23 21:13:51,717 - instabot version: 0.117.0 (api) - DEBUG - POST to endpoint: qe/expose/ returned response: <Response [200]>
2021-05-23 21:13:51,718 - instabot version: 0.117.0 (bot_photo) - INFO - Photo 'quote.jpeg' is uploaded.
2021-05-23 21:13:51,718 - instabot version: 0.117.0 (bot_checkpoint) - DEBUG - Saving Checkpoint file to: /mnt/build2/butti/test/quote/config/theautoquote.checkpoint
2021-05-23 21:13:51,719 - instabot version: 0.117.0 (bot) - INFO - Total requests: 33
