2021-05-25 00:09:52,842 - instabot version: 0.117.0 (bot) - INFO - Instabot version: 0.117.0 Started
2021-05-25 00:09:52,842 - instabot version: 0.117.0 (bot) - DEBUG - Bot imported from /mnt/build2/butti/.local/lib/python3.9/site-packages/instabot/bot/bot.py
2021-05-25 00:09:52,843 - instabot version: 0.117.0 (api_login) - INFO - Not yet logged in starting: PRE-LOGIN FLOW!
2021-05-25 00:09:53,296 - instabot version: 0.117.0 (api) - DEBUG - POST to endpoint: accounts/get_prefill_candidates/ returned response: <Response [200]>
2021-05-25 00:09:53,660 - instabot version: 0.117.0 (api) - DEBUG - POST to endpoint: qe/sync/ returned response: <Response [200]>
2021-05-25 00:09:54,025 - instabot version: 0.117.0 (api) - DEBUG - POST to endpoint: launcher/sync/ returned response: <Response [200]>
2021-05-25 00:09:54,403 - instabot version: 0.117.0 (api) - DEBUG - POST to endpoint: accounts/contact_point_prefill/ returned response: <Response [200]>
2021-05-25 00:09:56,526 - instabot version: 0.117.0 (api) - DEBUG - POST to endpoint: accounts/login/ returned response: <Response [200]>
2021-05-25 00:09:56,526 - instabot version: 0.117.0 (api) - INFO - Logged-in successfully as 'theautoquote'!
2021-05-25 00:09:56,526 - instabot version: 0.117.0 (api_login) - INFO - LOGIN FLOW! Just logged-in: True
2021-05-25 00:09:56,902 - instabot version: 0.117.0 (api) - DEBUG - POST to endpoint: qe/sync/ returned response: <Response [200]>
2021-05-25 00:09:57,331 - instabot version: 0.117.0 (api) - DEBUG - POST to endpoint: launcher/sync/ returned response: <Response [200]>
2021-05-25 00:09:57,683 - instabot version: 0.117.0 (api) - DEBUG - GET to endpoint: zr/token/result/?device_id=android-3da4655cdbf733d8&token_hash=&custom_device_id=android-3da4655cdbf733d8&fetch_reason=token_expired returned response: <Response [200]>
2021-05-25 00:09:58,049 - instabot version: 0.117.0 (api) - DEBUG - GET to endpoint: multiple_accounts/get_account_family/ returned response: <Response [200]>
2021-05-25 00:09:58,450 - instabot version: 0.117.0 (api) - DEBUG - POST to endpoint: qe/sync/ returned response: <Response [200]>
2021-05-25 00:09:59,290 - instabot version: 0.117.0 (api) - DEBUG - GET to endpoint: igtv/browse_feed/?prefetch=1 returned response: <Response [200]>
2021-05-25 00:09:59,649 - instabot version: 0.117.0 (api) - DEBUG - POST to endpoint: creatives/ar_class/ returned response: <Response [200]>
2021-05-25 00:10:00,159 - instabot version: 0.117.0 (api) - DEBUG - POST to endpoint: feed/reels_tray/ returned response: <Response [200]>
2021-05-25 00:10:02,092 - instabot version: 0.117.0 (api) - DEBUG - POST to endpoint: feed/timeline/ returned response: <Response [200]>
2021-05-25 00:10:02,445 - instabot version: 0.117.0 (api) - DEBUG - GET to endpoint: media/blocked/ returned response: <Response [200]>
2021-05-25 00:10:03,256 - instabot version: 0.117.0 (api) - DEBUG - GET to endpoint: news/inbox/ returned response: <Response [200]>
2021-05-25 00:10:03,645 - instabot version: 0.117.0 (api) - DEBUG - GET to endpoint: loom/fetch_config/ returned response: <Response [200]>
2021-05-25 00:10:04,190 - instabot version: 0.117.0 (api) - DEBUG - GET to endpoint: scores/bootstrap/users/?surfaces=["autocomplete_user_list","coefficient_besties_list_ranking","coefficient_rank_recipient_user_suggestion","coefficient_ios_section_test_bootstrap_ranking","coefficient_direct_recipients_ranking_variant_2"] returned response: <Response [200]>
2021-05-25 00:10:04,564 - instabot version: 0.117.0 (api) - DEBUG - GET to endpoint: business/eligibility/get_monetization_products_eligibility_data/?product_types=branded_content returned response: <Response [200]>
2021-05-25 00:10:04,909 - instabot version: 0.117.0 (api) - DEBUG - GET to endpoint: business/branded_content/should_require_professional_account/ returned response: <Response [200]>
2021-05-25 00:10:05,286 - instabot version: 0.117.0 (api) - DEBUG - GET to endpoint: linked_accounts/get_linkage_status/ returned response: <Response [200]>
2021-05-25 00:10:05,640 - instabot version: 0.117.0 (api) - DEBUG - GET to endpoint: locations/request_country/ returned response: <Response [200]>
2021-05-25 00:10:06,010 - instabot version: 0.117.0 (api) - DEBUG - GET to endpoint: qp/get_cooldowns/?signed_body=signed_body=4b9c516a5410a3bc128e09c6104a7f042146b9c2023870560c63a43a7f66781c.4&ig_sig_key_version=4&ig_sig_key_version=4 returned response: <Response [200]>
2021-05-25 00:10:06,402 - instabot version: 0.117.0 (api) - DEBUG - GET to endpoint: users/arlink_download_info/?version_override=2.2.1 returned response: <Response [200]>
2021-05-25 00:10:06,904 - instabot version: 0.117.0 (api) - DEBUG - GET to endpoint: users/48034880608/info/ returned response: <Response [200]>
2021-05-25 00:10:07,688 - instabot version: 0.117.0 (api) - DEBUG - GET to endpoint: direct_v2/get_presence/ returned response: <Response [200]>
2021-05-25 00:10:08,184 - instabot version: 0.117.0 (api) - DEBUG - GET to endpoint: direct_v2/inbox/?visual_message_return_type=unseen&thread_message_limit=10&persistentBadging=true&limit=20 returned response: <Response [200]>
2021-05-25 00:10:08,586 - instabot version: 0.117.0 (api) - DEBUG - GET to endpoint: direct_v2/inbox/?visual_message_return_type=unseen&persistentBadging=true&limit=0 returned response: <Response [200]>
2021-05-25 00:10:10,228 - instabot version: 0.117.0 (api) - DEBUG - GET to endpoint: discover/topical_explore/?is_prefetch=true&omit_cover_media=true&use_sectional_payload=true&timezone_offset=0&session_id=56738a5b-689c-40b8-a759-ea6c4e13e822&include_fixed_destinations=true returned response: <Response [200]>
2021-05-25 00:10:10,592 - instabot version: 0.117.0 (api) - DEBUG - POST to endpoint: notifications/badge/ returned response: <Response [200]>
2021-05-25 00:10:11,051 - instabot version: 0.117.0 (api) - DEBUG - POST to endpoint: qp/batch_fetch/ returned response: <Response [200]>
2021-05-25 00:10:11,051 - instabot version: 0.117.0 (bot_checkpoint) - DEBUG - Loading Checkpoint file from: /mnt/build2/butti/test/quote/config/theautoquote.checkpoint
2021-05-25 00:10:35,112 - instabot version: 0.117.0 (api) - DEBUG - POST to endpoint: media/configure/? returned response: <Response [200]>
2021-05-25 00:10:36,551 - instabot version: 0.117.0 (api) - DEBUG - POST to endpoint: qe/expose/ returned response: <Response [200]>
2021-05-25 00:10:36,551 - instabot version: 0.117.0 (bot_photo) - INFO - Photo 'quote.jpeg' is uploaded.
2021-05-25 00:10:36,551 - instabot version: 0.117.0 (bot_checkpoint) - DEBUG - Saving Checkpoint file to: /mnt/build2/butti/test/quote/config/theautoquote.checkpoint
2021-05-25 00:10:36,551 - instabot version: 0.117.0 (bot) - INFO - Total requests: 35
